0 info it worked if it ends with ok
1 verbose cli [ 'C:\\Program Files\\nodejs\\node.exe',
1 verbose cli   'C:\\Users\\craig\\AppData\\Roaming\\npm\\node_modules\\npm\\bin\\npm-cli.js',
1 verbose cli   'install',
1 verbose cli   'grunt-contrib-livereload' ]
2 info using npm@3.4.1
3 info using node@v6.9.4
4 silly loadCurrentTree Starting
5 silly install loadCurrentTree
6 silly install readLocalPackageData
7 silly fetchPackageMetaData grunt-contrib-livereload
8 silly fetchNamedPackageData grunt-contrib-livereload
9 silly mapToRegistry name grunt-contrib-livereload
10 silly mapToRegistry using default registry
11 silly mapToRegistry registry https://registry.npmjs.org/
12 silly mapToRegistry uri https://registry.npmjs.org/grunt-contrib-livereload
13 verbose request uri https://registry.npmjs.org/grunt-contrib-livereload
14 verbose request no auth needed
15 info attempt registry request try #1 at 12:20:12 PM
16 verbose request id 57b56107611948c0
17 verbose etag W/"56a0d6ba-2527"
18 verbose lastModified Thu, 21 Jan 2016 13:01:46 GMT
19 http request GET https://registry.npmjs.org/grunt-contrib-livereload
20 http 304 https://registry.npmjs.org/grunt-contrib-livereload
21 verbose headers { date: 'Thu, 12 Jan 2017 19:20:14 GMT',
21 verbose headers   via: '1.1 varnish',
21 verbose headers   'cache-control': 'max-age=300',
21 verbose headers   etag: 'W/"56a0d6ba-2527"',
21 verbose headers   age: '68',
21 verbose headers   connection: 'keep-alive',
21 verbose headers   'x-served-by': 'cache-lax8649-LAX',
21 verbose headers   'x-cache': 'HIT',
21 verbose headers   'x-cache-hits': '1',
21 verbose headers   'x-timer': 'S1484248814.071366,VS0,VE0',
21 verbose headers   vary: 'Accept-Encoding' }
22 silly get cb [ 304,
22 silly get   { date: 'Thu, 12 Jan 2017 19:20:14 GMT',
22 silly get     via: '1.1 varnish',
22 silly get     'cache-control': 'max-age=300',
22 silly get     etag: 'W/"56a0d6ba-2527"',
22 silly get     age: '68',
22 silly get     connection: 'keep-alive',
22 silly get     'x-served-by': 'cache-lax8649-LAX',
22 silly get     'x-cache': 'HIT',
22 silly get     'x-cache-hits': '1',
22 silly get     'x-timer': 'S1484248814.071366,VS0,VE0',
22 silly get     vary: 'Accept-Encoding' } ]
23 verbose etag https://registry.npmjs.org/grunt-contrib-livereload from cache
24 verbose get saving grunt-contrib-livereload to C:\Users\craig\AppData\Roaming\npm-cache\registry.npmjs.org\grunt-contrib-livereload\.cache.json
25 verbose stack TypeError: Invalid Version: 0.1.0rc8
25 verbose stack     at new SemVer (C:\Users\craig\AppData\Roaming\npm\node_modules\npm\node_modules\semver\semver.js:293:11)
25 verbose stack     at compare (C:\Users\craig\AppData\Roaming\npm\node_modules\npm\node_modules\semver\semver.js:570:10)
25 verbose stack     at rcompare (C:\Users\craig\AppData\Roaming\npm\node_modules\npm\node_modules\semver\semver.js:580:10)
25 verbose stack     at Array.sort (native)
25 verbose stack     at pickVersionFromRegistryDocument (C:\Users\craig\AppData\Roaming\npm\node_modules\npm\lib\fetch-package-metadata.js:121:48)
25 verbose stack     at C:\Users\craig\AppData\Roaming\npm\node_modules\npm\node_modules\iferr\index.js:13:50
25 verbose stack     at C:\Users\craig\AppData\Roaming\npm\node_modules\npm\lib\utils\pulse-till-done.js:19:8
25 verbose stack     at saved (C:\Users\craig\AppData\Roaming\npm\node_modules\npm\lib\cache\caching-client.js:168:7)
25 verbose stack     at C:\Users\craig\AppData\Roaming\npm\node_modules\npm\node_modules\graceful-fs\polyfills.js:210:7
25 verbose stack     at FSReqWrap.oncomplete (fs.js:123:15)
26 verbose cwd C:\nginx\html\openui5-sample-app
27 error Windows_NT 10.0.14393
28 error argv "C:\\Program Files\\nodejs\\node.exe" "C:\\Users\\craig\\AppData\\Roaming\\npm\\node_modules\\npm\\bin\\npm-cli.js" "install" "grunt-contrib-livereload"
29 error node v6.9.4
30 error npm  v3.4.1
31 error Invalid Version: 0.1.0rc8
32 error If you need help, you may report this error at:
32 error     <https://github.com/npm/npm/issues>
33 verbose exit [ 1, true ]
